<?xml version="1.0" encoding="UTF-8"?>
<!-- Generated by org.testng.reporters.JUnitReportReporter -->
<testsuite hostname="SonuAcharya" failures="0" tests="1" name="banking.obs.customer.AddBenificaryTransferTheAmount" time="5.174" errors="0" timestamp="2023-03-02T18:08:40 IST" skipped="0">
  <testcase classname="banking.obs.customer.AddBenificaryTransferTheAmount" name="addBenificaryTransferTheAmount" time="5.174"/>
  <system-out/>
</testsuite> <!-- banking.obs.customer.AddBenificaryTransferTheAmount -->
