<?xml version="1.0" encoding="UTF-8"?>
<!-- Generated by org.testng.reporters.JUnitReportReporter -->
<testsuite hostname="SonuAcharya" failures="0" tests="1" name="banking.obs.customer.AplyDebitcardAndRegd" time="6.706" errors="0" timestamp="2023-03-02T18:08:40 IST" skipped="0">
  <testcase classname="banking.obs.customer.AplyDebitcardAndRegd" name="AplyDebitcardAndRegd" time="6.706"/>
  <system-out/>
</testsuite> <!-- banking.obs.customer.AplyDebitcardAndRegd -->
