<?xml version="1.0" encoding="UTF-8"?>
<!-- Generated by org.testng.reporters.JUnitReportReporter -->
<testsuite hostname="SonuAcharya" failures="0" tests="1" name="banking.obs.practice.Testng" time="0.018" errors="0" timestamp="2023-02-22T12:24:50 IST" skipped="0">
  <testcase classname="banking.obs.practice.Testng" name="test" time="0.018"/>
  <system-out/>
</testsuite> <!-- banking.obs.practice.Testng -->
